# Logfile created on Thu Apr 22 21:33:28 -0700 2010

Processing ApplicationController#index (for 127.0.0.1 at 2010-04-22 21:33:28) [GET]
  Parameters: {"portfolio"=>"print"}
Rendering template within layouts/application
Rendering application/index
Completed in 27ms (View: 23, DB: 0) | 200 OK [http://dr.local/print]


Processing ApplicationController#index (for 127.0.0.1 at 2010-04-22 21:33:43) [GET]
  Parameters: {"portfolio"=>"web"}
Rendering template within layouts/application
Rendering application/index
Completed in 10ms (View: 8, DB: 0) | 200 OK [http://dr.local/web]


Processing ApplicationController#index (for 127.0.0.1 at 2010-04-22 21:34:14) [GET]
  Parameters: {"portfolio"=>"web"}
Rendering template within layouts/application
Rendering application/index
Completed in 11ms (View: 8, DB: 0) | 200 OK [http://dr.local/web]


Processing ApplicationController#index (for 127.0.0.1 at 2010-04-22 21:34:17) [GET]
  Parameters: {"portfolio"=>"art"}
Rendering template within layouts/application
Rendering application/index
Completed in 7ms (View: 4, DB: 0) | 200 OK [http://dr.local/art]


Processing ApplicationController#contact (for 127.0.0.1 at 2010-04-22 21:34:18) [GET]
Rendering template within layouts/application
Rendering application/contact
Completed in 36ms (View: 34, DB: 0) | 200 OK [http://dr.local/contact]


Processing ApplicationController#index (for 127.0.0.1 at 2010-04-22 21:34:20) [GET]
  Parameters: {"portfolio"=>"print"}
Rendering template within layouts/application
Rendering application/index
Completed in 7ms (View: 4, DB: 0) | 200 OK [http://dr.local/print]


Processing ApplicationController#index (for 127.0.0.1 at 2010-04-22 21:34:21) [GET]
  Parameters: {"portfolio"=>"web"}
Rendering template within layouts/application
Rendering application/index
Completed in 12ms (View: 9, DB: 0) | 200 OK [http://dr.local/web]


Processing ApplicationController#index (for 127.0.0.1 at 2010-04-22 21:34:22) [GET]
  Parameters: {"portfolio"=>"print"}
Rendering template within layouts/application
Rendering application/index
Completed in 56ms (View: 53, DB: 0) | 200 OK [http://dr.local/print]


Processing ApplicationController#index (for 127.0.0.1 at 2010-04-22 21:34:23) [GET]
  Parameters: {"portfolio"=>"art"}
Rendering template within layouts/application
Rendering application/index
Completed in 7ms (View: 4, DB: 0) | 200 OK [http://dr.local/art]


Processing ApplicationController#index (for 127.0.0.1 at 2010-04-22 21:34:24) [GET]
  Parameters: {"portfolio"=>"web"}
Rendering template within layouts/application
Rendering application/index
Completed in 12ms (View: 9, DB: 0) | 200 OK [http://dr.local/web]


Processing ApplicationController#index (for 127.0.0.1 at 2010-04-22 21:34:46) [GET]
  Parameters: {"portfolio"=>"print"}
Rendering template within layouts/application
Rendering application/index
Completed in 7ms (View: 4, DB: 0) | 200 OK [http://dr.local/print]


Processing ApplicationController#index (for 127.0.0.1 at 2010-04-22 21:35:07) [GET]
  Parameters: {"portfolio"=>"web"}
Rendering template within layouts/application
Rendering application/index
Completed in 12ms (View: 8, DB: 0) | 200 OK [http://dr.local/web]


Processing ApplicationController#index (for 127.0.0.1 at 2010-04-22 21:35:19) [GET]
  Parameters: {"portfolio"=>"print"}
Rendering template within layouts/application
Rendering application/index
Completed in 7ms (View: 4, DB: 0) | 200 OK [http://dr.local/print]


Processing ApplicationController#index (for 127.0.0.1 at 2010-04-22 21:35:59) [GET]
  Parameters: {"portfolio"=>"art"}
Rendering template within layouts/application
Rendering application/index
Completed in 7ms (View: 4, DB: 0) | 200 OK [http://dr.local/art]


Processing ApplicationController#contact (for 127.0.0.1 at 2010-04-22 21:36:01) [GET]
Rendering template within layouts/application
Rendering application/contact
Completed in 5ms (View: 4, DB: 0) | 200 OK [http://dr.local/contact]


Processing ApplicationController#index (for 127.0.0.1 at 2010-04-22 21:36:04) [GET]
  Parameters: {"portfolio"=>"art"}
Rendering template within layouts/application
Rendering application/index
Completed in 7ms (View: 4, DB: 0) | 200 OK [http://dr.local/art]


Processing ApplicationController#index (for 127.0.0.1 at 2010-04-22 21:36:05) [GET]
  Parameters: {"portfolio"=>"print"}
Rendering template within layouts/application
Rendering application/index
Completed in 7ms (View: 4, DB: 0) | 200 OK [http://dr.local/print]


Processing ApplicationController#index (for 127.0.0.1 at 2010-04-22 21:36:06) [GET]
  Parameters: {"portfolio"=>"web"}
Rendering template within layouts/application
Rendering application/index
Completed in 60ms (View: 57, DB: 0) | 200 OK [http://dr.local/web]


Processing ApplicationController#index (for 127.0.0.1 at 2010-04-22 21:36:07) [GET]
  Parameters: {"portfolio"=>"print"}
Rendering template within layouts/application
Rendering application/index
Completed in 7ms (View: 4, DB: 0) | 200 OK [http://dr.local/print]


Processing ApplicationController#index (for 127.0.0.1 at 2010-04-22 21:36:09) [GET]
  Parameters: {"portfolio"=>"art"}
Rendering template within layouts/application
Rendering application/index
Completed in 7ms (View: 3, DB: 0) | 200 OK [http://dr.local/art]


Processing ApplicationController#contact (for 127.0.0.1 at 2010-04-22 21:36:10) [GET]
Rendering template within layouts/application
Rendering application/contact
Completed in 5ms (View: 3, DB: 0) | 200 OK [http://dr.local/contact]


Processing ApplicationController#index (for 127.0.0.1 at 2010-04-22 21:36:11) [GET]
  Parameters: {"portfolio"=>"art"}
Rendering template within layouts/application
Rendering application/index
Completed in 7ms (View: 4, DB: 0) | 200 OK [http://dr.local/art]


Processing ApplicationController#contact (for 127.0.0.1 at 2010-04-22 21:36:15) [GET]
Rendering template within layouts/application
Rendering application/contact
Completed in 5ms (View: 4, DB: 0) | 200 OK [http://dr.local/contact]


Processing ApplicationController#index (for 127.0.0.1 at 2010-04-22 21:36:16) [GET]
  Parameters: {"portfolio"=>"web"}
Rendering template within layouts/application
Rendering application/index
Completed in 11ms (View: 8, DB: 0) | 200 OK [http://dr.local/web]


Processing ApplicationController#index (for 127.0.0.1 at 2010-04-22 21:36:17) [GET]
  Parameters: {"portfolio"=>"print"}
Rendering template within layouts/application
Rendering application/index
Completed in 7ms (View: 3, DB: 0) | 200 OK [http://dr.local/print]


Processing ApplicationController#contact (for 127.0.0.1 at 2010-04-22 21:36:18) [GET]
Rendering template within layouts/application
Rendering application/contact
Completed in 5ms (View: 3, DB: 0) | 200 OK [http://dr.local/contact]


Processing ApplicationController#index (for 127.0.0.1 at 2010-04-22 21:36:19) [GET]
  Parameters: {"portfolio"=>"web"}
Rendering template within layouts/application
Rendering application/index
Completed in 12ms (View: 8, DB: 0) | 200 OK [http://dr.local/web]


Processing ApplicationController#index (for 127.0.0.1 at 2010-04-22 21:36:22) [GET]
  Parameters: {"portfolio"=>"print"}
Rendering template within layouts/application
Rendering application/index
Completed in 7ms (View: 4, DB: 0) | 200 OK [http://dr.local/print]


Processing ApplicationController#index (for 127.0.0.1 at 2010-04-22 21:36:28) [GET]
  Parameters: {"portfolio"=>"art"}
Rendering template within layouts/application
Rendering application/index
Completed in 56ms (View: 53, DB: 0) | 200 OK [http://dr.local/art]


Processing ApplicationController#contact (for 127.0.0.1 at 2010-04-22 21:36:31) [GET]
Rendering template within layouts/application
Rendering application/contact
Completed in 5ms (View: 4, DB: 0) | 200 OK [http://dr.local/contact]


Processing ApplicationController#index (for 127.0.0.1 at 2010-04-22 21:36:57) [GET]
  Parameters: {"portfolio"=>"web"}
Rendering template within layouts/application
Rendering application/index
Completed in 11ms (View: 8, DB: 0) | 200 OK [http://dr.local/web]


Processing ApplicationController#index (for 127.0.0.1 at 2010-04-22 21:36:58) [GET]
  Parameters: {"portfolio"=>"print"}
Rendering template within layouts/application
Rendering application/index
Completed in 7ms (View: 4, DB: 0) | 200 OK [http://dr.local/print]


Processing ApplicationController#contact (for 127.0.0.1 at 2010-04-22 21:36:59) [GET]
Rendering template within layouts/application
Rendering application/contact
Completed in 5ms (View: 3, DB: 0) | 200 OK [http://dr.local/contact]


Processing ApplicationController#index (for 127.0.0.1 at 2010-04-22 21:38:33) [GET]
  Parameters: {"portfolio"=>"art"}
Rendering template within layouts/application
Rendering application/index
Completed in 7ms (View: 4, DB: 0) | 200 OK [http://dr.local/art]


Processing ApplicationController#index (for 127.0.0.1 at 2010-04-22 21:38:59) [GET]
  Parameters: {"portfolio"=>"art"}
Rendering template within layouts/application
Rendering application/index
Completed in 7ms (View: 4, DB: 0) | 200 OK [http://dr.local/art]


Processing ApplicationController#index (for 127.0.0.1 at 2010-04-22 21:39:03) [GET]
  Parameters: {"portfolio"=>"art"}
Rendering template within layouts/application
Rendering application/index
Completed in 7ms (View: 4, DB: 0) | 200 OK [http://dr.local/art]


Processing ApplicationController#index (for 127.0.0.1 at 2010-04-22 21:39:03) [GET]
  Parameters: {"portfolio"=>"art"}
Rendering template within layouts/application
Rendering application/index
Completed in 8ms (View: 4, DB: 0) | 200 OK [http://dr.local/art]


Processing ApplicationController#index (for 127.0.0.1 at 2010-04-22 21:40:07) [GET]
  Parameters: {"portfolio"=>"art"}
Rendering template within layouts/application
Rendering application/index
Completed in 11ms (View: 6, DB: 0) | 200 OK [http://dr.local/art]


Processing ApplicationController#index (for 127.0.0.1 at 2010-04-22 21:40:40) [GET]
  Parameters: {"portfolio"=>"art"}
Rendering template within layouts/application
Rendering application/index
Completed in 7ms (View: 4, DB: 0) | 200 OK [http://dr.local/art]


Processing ApplicationController#index (for 127.0.0.1 at 2010-04-22 21:42:03) [GET]
  Parameters: {"portfolio"=>"art"}
Rendering template within layouts/application
Rendering application/index
Completed in 7ms (View: 4, DB: 0) | 200 OK [http://dr.local/art]


Processing ApplicationController#index (for 127.0.0.1 at 2010-04-22 21:42:28) [GET]
  Parameters: {"portfolio"=>"art"}
Rendering template within layouts/application
Rendering application/index
Completed in 7ms (View: 4, DB: 0) | 200 OK [http://dr.local/art]


Processing ApplicationController#index (for 127.0.0.1 at 2010-04-22 21:42:33) [GET]
  Parameters: {"portfolio"=>"print"}
Rendering template within layouts/application
Rendering application/index
Completed in 7ms (View: 4, DB: 0) | 200 OK [http://dr.local/print]


Processing ApplicationController#index (for 127.0.0.1 at 2010-04-22 21:42:34) [GET]
  Parameters: {"portfolio"=>"web"}
Rendering template within layouts/application
Rendering application/index
Completed in 11ms (View: 8, DB: 0) | 200 OK [http://dr.local/web]


Processing ApplicationController#index (for 127.0.0.1 at 2010-04-22 21:42:35) [GET]
  Parameters: {"portfolio"=>"print"}
Rendering template within layouts/application
Rendering application/index
Completed in 7ms (View: 4, DB: 0) | 200 OK [http://dr.local/print]


Processing ApplicationController#index (for 127.0.0.1 at 2010-04-22 21:42:36) [GET]
  Parameters: {"portfolio"=>"art"}
Rendering template within layouts/application
Rendering application/index
Completed in 7ms (View: 3, DB: 0) | 200 OK [http://dr.local/art]


Processing ApplicationController#index (for 127.0.0.1 at 2010-04-22 21:42:41) [GET]
  Parameters: {"portfolio"=>"print"}
Rendering template within layouts/application
Rendering application/index
Completed in 7ms (View: 4, DB: 0) | 200 OK [http://dr.local/print]


Processing ApplicationController#index (for 127.0.0.1 at 2010-04-22 21:42:42) [GET]
  Parameters: {"portfolio"=>"web"}
Rendering template within layouts/application
Rendering application/index
Completed in 12ms (View: 8, DB: 0) | 200 OK [http://dr.local/web]


Processing ApplicationController#index (for 127.0.0.1 at 2010-04-22 21:42:43) [GET]
  Parameters: {"portfolio"=>"print"}
Rendering template within layouts/application
Rendering application/index
Completed in 7ms (View: 4, DB: 0) | 200 OK [http://dr.local/print]


Processing ApplicationController#index (for 127.0.0.1 at 2010-04-22 21:42:44) [GET]
  Parameters: {"portfolio"=>"art"}
Rendering template within layouts/application
Rendering application/index
Completed in 7ms (View: 4, DB: 0) | 200 OK [http://dr.local/art]


Processing ApplicationController#index (for 127.0.0.1 at 2010-04-22 21:42:45) [GET]
  Parameters: {"portfolio"=>"print"}
Rendering template within layouts/application
Rendering application/index
Completed in 7ms (View: 4, DB: 0) | 200 OK [http://dr.local/print]


Processing ApplicationController#index (for 127.0.0.1 at 2010-04-22 21:42:46) [GET]
  Parameters: {"portfolio"=>"web"}
Rendering template within layouts/application
Rendering application/index
Completed in 61ms (View: 9, DB: 0) | 200 OK [http://dr.local/web]


Processing ApplicationController#index (for 127.0.0.1 at 2010-04-22 21:42:46) [GET]
  Parameters: {"portfolio"=>"print"}
Rendering template within layouts/application
Rendering application/index
Completed in 7ms (View: 4, DB: 0) | 200 OK [http://dr.local/print]


Processing ApplicationController#index (for 127.0.0.1 at 2010-04-22 21:42:47) [GET]
  Parameters: {"portfolio"=>"web"}
Rendering template within layouts/application
Rendering application/index
Completed in 11ms (View: 8, DB: 0) | 200 OK [http://dr.local/web]


Processing ApplicationController#index (for 127.0.0.1 at 2010-04-22 21:42:49) [GET]
  Parameters: {"portfolio"=>"print"}
Rendering template within layouts/application
Rendering application/index
Completed in 7ms (View: 3, DB: 0) | 200 OK [http://dr.local/print]


Processing ApplicationController#index (for 127.0.0.1 at 2010-04-22 21:42:49) [GET]
  Parameters: {"portfolio"=>"art"}
Rendering template within layouts/application
Rendering application/index
Completed in 7ms (View: 3, DB: 0) | 200 OK [http://dr.local/art]


Processing ApplicationController#index (for 127.0.0.1 at 2010-04-22 21:42:50) [GET]
  Parameters: {"portfolio"=>"print"}
Rendering template within layouts/application
Rendering application/index
Completed in 7ms (View: 4, DB: 0) | 200 OK [http://dr.local/print]


Processing ApplicationController#index (for 127.0.0.1 at 2010-04-22 21:42:51) [GET]
  Parameters: {"portfolio"=>"web"}
Rendering template within layouts/application
Rendering application/index
Completed in 11ms (View: 8, DB: 0) | 200 OK [http://dr.local/web]


Processing ApplicationController#index (for 127.0.0.1 at 2010-04-22 21:42:52) [GET]
  Parameters: {"portfolio"=>"print"}
Rendering template within layouts/application
Rendering application/index
Completed in 7ms (View: 4, DB: 0) | 200 OK [http://dr.local/print]


Processing ApplicationController#index (for 127.0.0.1 at 2010-04-22 21:42:53) [GET]
  Parameters: {"portfolio"=>"art"}
Rendering template within layouts/application
Rendering application/index
Completed in 7ms (View: 4, DB: 0) | 200 OK [http://dr.local/art]


Processing ApplicationController#index (for 127.0.0.1 at 2010-04-22 21:42:55) [GET]
  Parameters: {"portfolio"=>"print"}
Rendering template within layouts/application
Rendering application/index
Completed in 7ms (View: 4, DB: 0) | 200 OK [http://dr.local/print]


Processing ApplicationController#index (for 127.0.0.1 at 2010-04-22 21:42:56) [GET]
  Parameters: {"portfolio"=>"web"}
Rendering template within layouts/application
Rendering application/index
Completed in 11ms (View: 8, DB: 0) | 200 OK [http://dr.local/web]


Processing ApplicationController#index (for 127.0.0.1 at 2010-04-22 21:42:57) [GET]
  Parameters: {"portfolio"=>"print"}
Rendering template within layouts/application
Rendering application/index
Completed in 7ms (View: 3, DB: 0) | 200 OK [http://dr.local/print]


Processing ApplicationController#index (for 127.0.0.1 at 2010-04-22 21:42:58) [GET]
  Parameters: {"portfolio"=>"art"}
Rendering template within layouts/application
Rendering application/index
Completed in 7ms (View: 4, DB: 0) | 200 OK [http://dr.local/art]


Processing ApplicationController#contact (for 127.0.0.1 at 2010-04-22 21:42:59) [GET]
Rendering template within layouts/application
Rendering application/contact
Completed in 5ms (View: 3, DB: 0) | 200 OK [http://dr.local/contact]


Processing ApplicationController#contact (for 127.0.0.1 at 2010-04-22 21:43:49) [GET]
Rendering template within layouts/application
Rendering application/contact
Completed in 6ms (View: 4, DB: 0) | 200 OK [http://dr.local/contact]


Processing ApplicationController#index (for 127.0.0.1 at 2010-04-22 21:43:57) [GET]
  Parameters: {"portfolio"=>"art"}
Rendering template within layouts/application
Rendering application/index
Completed in 7ms (View: 4, DB: 0) | 200 OK [http://dr.local/art]


Processing ApplicationController#index (for 127.0.0.1 at 2010-04-22 21:43:58) [GET]
  Parameters: {"portfolio"=>"print"}
Rendering template within layouts/application
Rendering application/index
Completed in 7ms (View: 4, DB: 0) | 200 OK [http://dr.local/print]


Processing ApplicationController#index (for 127.0.0.1 at 2010-04-22 21:43:59) [GET]
  Parameters: {"portfolio"=>"web"}
Rendering template within layouts/application
Rendering application/index
Completed in 11ms (View: 8, DB: 0) | 200 OK [http://dr.local/web]


Processing ApplicationController#contact (for 127.0.0.1 at 2010-04-22 21:44:00) [GET]
Rendering template within layouts/application
Rendering application/contact
Completed in 5ms (View: 4, DB: 0) | 200 OK [http://dr.local/contact]


Processing ApplicationController#index (for 127.0.0.1 at 2010-04-22 21:44:12) [GET]
  Parameters: {"portfolio"=>"print"}
Rendering template within layouts/application
Rendering application/index
Completed in 7ms (View: 4, DB: 0) | 200 OK [http://dr.local/print]


Processing ApplicationController#index (for 127.0.0.1 at 2010-04-22 21:44:17) [GET]
  Parameters: {"portfolio"=>"web"}
Rendering template within layouts/application
Rendering application/index
Completed in 60ms (View: 56, DB: 0) | 200 OK [http://dr.local/web]


Processing ApplicationController#index (for 127.0.0.1 at 2010-04-22 21:44:21) [GET]
  Parameters: {"portfolio"=>"art"}
Rendering template within layouts/application
Rendering application/index
Completed in 7ms (View: 4, DB: 0) | 200 OK [http://dr.local/art]


Processing ApplicationController#index (for 127.0.0.1 at 2010-04-22 21:45:07) [GET]
  Parameters: {"portfolio"=>"art"}
Rendering template within layouts/application
Rendering application/index
Completed in 7ms (View: 4, DB: 0) | 200 OK [http://dr.local/art]


Processing ApplicationController#contact (for 127.0.0.1 at 2010-04-22 21:45:12) [GET]
Rendering template within layouts/application
Rendering application/contact
Completed in 5ms (View: 3, DB: 0) | 200 OK [http://dr.local/contact]


Processing ApplicationController#index (for 127.0.0.1 at 2010-04-22 21:45:19) [GET]
  Parameters: {"portfolio"=>"web"}
Rendering template within layouts/application
Rendering application/index
Completed in 11ms (View: 8, DB: 0) | 200 OK [http://dr.local/web]


Processing ApplicationController#index (for 127.0.0.1 at 2010-04-22 21:45:22) [GET]
  Parameters: {"portfolio"=>"print"}
Rendering template within layouts/application
Rendering application/index
Completed in 7ms (View: 3, DB: 0) | 200 OK [http://dr.local/print]


Processing ApplicationController#index (for 127.0.0.1 at 2010-04-22 21:45:26) [GET]
  Parameters: {"portfolio"=>"art"}
Rendering template within layouts/application
Rendering application/index
Completed in 7ms (View: 4, DB: 0) | 200 OK [http://dr.local/art]


Processing ApplicationController#contact (for 127.0.0.1 at 2010-04-22 21:45:29) [GET]
Rendering template within layouts/application
Rendering application/contact
Completed in 5ms (View: 3, DB: 0) | 200 OK [http://dr.local/contact]


Processing ApplicationController#contact (for 127.0.0.1 at 2010-04-22 21:45:59) [GET]
Rendering template within layouts/application
Rendering application/contact
Completed in 5ms (View: 4, DB: 0) | 200 OK [http://dr.local/contact]


Processing ApplicationController#contact (for 127.0.0.1 at 2010-04-22 21:46:14) [GET]
Rendering template within layouts/application
Rendering application/contact
Completed in 5ms (View: 4, DB: 0) | 200 OK [http://dr.local/contact]


Processing ApplicationController#index (for 127.0.0.1 at 2010-04-22 21:48:01) [GET]
  Parameters: {"portfolio"=>"art"}
Rendering template within layouts/application
Rendering application/index
Completed in 7ms (View: 4, DB: 0) | 200 OK [http://dr.local/art]


Processing ApplicationController#index (for 127.0.0.1 at 2010-04-22 21:48:03) [GET]
  Parameters: {"portfolio"=>"print"}
Rendering template within layouts/application
Rendering application/index
Completed in 7ms (View: 4, DB: 0) | 200 OK [http://dr.local/print]


Processing ApplicationController#index (for 127.0.0.1 at 2010-04-22 21:48:04) [GET]
  Parameters: {"portfolio"=>"web"}
Rendering template within layouts/application
Rendering application/index
Completed in 12ms (View: 8, DB: 0) | 200 OK [http://dr.local/web]


Processing ApplicationController#contact (for 127.0.0.1 at 2010-04-22 21:48:05) [GET]
Rendering template within layouts/application
Rendering application/contact
Completed in 5ms (View: 3, DB: 0) | 200 OK [http://dr.local/contact]


Processing ApplicationController#index (for 127.0.0.1 at 2010-04-22 22:10:18) [GET]
  Parameters: {"portfolio"=>"web"}
Rendering template within layouts/application
Rendering application/index

ActionView::TemplateError (undefined method `given?' for nil:NilClass) on line #3 of app/views/application/_about_me.html.erb:
1: <span id="hi">Hi.</span>
2: I’m Dallas and I live in Walla Walla, Washington. I graduated from
3: <%= link_to_blank 'Walla Walla University', 'http://www.wallawalla.edu/' %>
4: in 2006 with a Bachelors of Science degree in
5: <%= link_to_unless_current 'graphic design', portfolio_path('print') %>
6: but I’ve been doing

    app/helpers/application_helper.rb:30:in `link_to_blank'
    app/views/application/_about_me.html.erb:3
    app/views/application/_web.html.erb:2
    app/views/application/index.html.erb:23
    passenger (2.2.11) lib/phusion_passenger/rack/request_handler.rb:92:in `process_request'
    passenger (2.2.11) lib/phusion_passenger/abstract_request_handler.rb:207:in `main_loop'
    passenger (2.2.11) lib/phusion_passenger/railz/application_spawner.rb:418:in `start_request_handler'
    passenger (2.2.11) lib/phusion_passenger/railz/application_spawner.rb:358:in `handle_spawn_application'
    passenger (2.2.11) lib/phusion_passenger/utils.rb:184:in `safe_fork'
    passenger (2.2.11) lib/phusion_passenger/railz/application_spawner.rb:354:in `handle_spawn_application'
    passenger (2.2.11) lib/phusion_passenger/abstract_server.rb:352:in `__send__'
    passenger (2.2.11) lib/phusion_passenger/abstract_server.rb:352:in `main_loop'
    passenger (2.2.11) lib/phusion_passenger/abstract_server.rb:196:in `start_synchronously'
    passenger (2.2.11) lib/phusion_passenger/abstract_server.rb:163:in `start'
    passenger (2.2.11) lib/phusion_passenger/railz/application_spawner.rb:213:in `start'
    passenger (2.2.11) lib/phusion_passenger/spawn_manager.rb:262:in `spawn_rails_application'
    passenger (2.2.11) lib/phusion_passenger/abstract_server_collection.rb:126:in `lookup_or_add'
    passenger (2.2.11) lib/phusion_passenger/spawn_manager.rb:256:in `spawn_rails_application'
    passenger (2.2.11) lib/phusion_passenger/abstract_server_collection.rb:80:in `synchronize'
    passenger (2.2.11) lib/phusion_passenger/abstract_server_collection.rb:79:in `synchronize'
    passenger (2.2.11) lib/phusion_passenger/spawn_manager.rb:255:in `spawn_rails_application'
    passenger (2.2.11) lib/phusion_passenger/spawn_manager.rb:154:in `spawn_application'
    passenger (2.2.11) lib/phusion_passenger/spawn_manager.rb:287:in `handle_spawn_application'
    passenger (2.2.11) lib/phusion_passenger/abstract_server.rb:352:in `__send__'
    passenger (2.2.11) lib/phusion_passenger/abstract_server.rb:352:in `main_loop'
    passenger (2.2.11) lib/phusion_passenger/abstract_server.rb:196:in `start_synchronously'

Rendered rescues/_trace (71.2ms)
Rendered rescues/_request_and_response (1.2ms)
Rendering rescues/layout (internal_server_error)


Processing ApplicationController#index (for 127.0.0.1 at 2010-04-22 22:10:55) [GET]
  Parameters: {"portfolio"=>"web"}
Rendering template within layouts/application
Rendering application/index

ActionView::TemplateError (undefined method `update' for nil:NilClass) on line #3 of app/views/application/_about_me.html.erb:
1: <span id="hi">Hi.</span>
2: I’m Dallas and I live in Walla Walla, Washington. I graduated from
3: <%= link_to_blank 'Walla Walla University', 'http://www.wallawalla.edu/' %>
4: in 2006 with a Bachelors of Science degree in
5: <%= link_to_unless_current 'graphic design', portfolio_path('print') %>
6: but I’ve been doing

    app/helpers/application_helper.rb:38:in `link_to_blank'
    app/views/application/_about_me.html.erb:3
    app/views/application/_web.html.erb:2
    app/views/application/index.html.erb:23
    passenger (2.2.11) lib/phusion_passenger/rack/request_handler.rb:92:in `process_request'
    passenger (2.2.11) lib/phusion_passenger/abstract_request_handler.rb:207:in `main_loop'
    passenger (2.2.11) lib/phusion_passenger/railz/application_spawner.rb:418:in `start_request_handler'
    passenger (2.2.11) lib/phusion_passenger/railz/application_spawner.rb:358:in `handle_spawn_application'
    passenger (2.2.11) lib/phusion_passenger/utils.rb:184:in `safe_fork'
    passenger (2.2.11) lib/phusion_passenger/railz/application_spawner.rb:354:in `handle_spawn_application'
    passenger (2.2.11) lib/phusion_passenger/abstract_server.rb:352:in `__send__'
    passenger (2.2.11) lib/phusion_passenger/abstract_server.rb:352:in `main_loop'
    passenger (2.2.11) lib/phusion_passenger/abstract_server.rb:196:in `start_synchronously'
    passenger (2.2.11) lib/phusion_passenger/abstract_server.rb:163:in `start'
    passenger (2.2.11) lib/phusion_passenger/railz/application_spawner.rb:213:in `start'
    passenger (2.2.11) lib/phusion_passenger/spawn_manager.rb:262:in `spawn_rails_application'
    passenger (2.2.11) lib/phusion_passenger/abstract_server_collection.rb:126:in `lookup_or_add'
    passenger (2.2.11) lib/phusion_passenger/spawn_manager.rb:256:in `spawn_rails_application'
    passenger (2.2.11) lib/phusion_passenger/abstract_server_collection.rb:80:in `synchronize'
    passenger (2.2.11) lib/phusion_passenger/abstract_server_collection.rb:79:in `synchronize'
    passenger (2.2.11) lib/phusion_passenger/spawn_manager.rb:255:in `spawn_rails_application'
    passenger (2.2.11) lib/phusion_passenger/spawn_manager.rb:154:in `spawn_application'
    passenger (2.2.11) lib/phusion_passenger/spawn_manager.rb:287:in `handle_spawn_application'
    passenger (2.2.11) lib/phusion_passenger/abstract_server.rb:352:in `__send__'
    passenger (2.2.11) lib/phusion_passenger/abstract_server.rb:352:in `main_loop'
    passenger (2.2.11) lib/phusion_passenger/abstract_server.rb:196:in `start_synchronously'

Rendered rescues/_trace (71.6ms)
Rendered rescues/_request_and_response (0.3ms)
Rendering rescues/layout (internal_server_error)


Processing ApplicationController#index (for 127.0.0.1 at 2010-04-22 22:10:57) [GET]
  Parameters: {"portfolio"=>"web"}
Rendering template within layouts/application
Rendering application/index

ActionView::TemplateError (undefined method `update' for nil:NilClass) on line #3 of app/views/application/_about_me.html.erb:
1: <span id="hi">Hi.</span>
2: I’m Dallas and I live in Walla Walla, Washington. I graduated from
3: <%= link_to_blank 'Walla Walla University', 'http://www.wallawalla.edu/' %>
4: in 2006 with a Bachelors of Science degree in
5: <%= link_to_unless_current 'graphic design', portfolio_path('print') %>
6: but I’ve been doing

    app/helpers/application_helper.rb:38:in `link_to_blank'
    app/views/application/_about_me.html.erb:3
    app/views/application/_web.html.erb:2
    app/views/application/index.html.erb:23
    passenger (2.2.11) lib/phusion_passenger/rack/request_handler.rb:92:in `process_request'
    passenger (2.2.11) lib/phusion_passenger/abstract_request_handler.rb:207:in `main_loop'
    passenger (2.2.11) lib/phusion_passenger/railz/application_spawner.rb:418:in `start_request_handler'
    passenger (2.2.11) lib/phusion_passenger/railz/application_spawner.rb:358:in `handle_spawn_application'
    passenger (2.2.11) lib/phusion_passenger/utils.rb:184:in `safe_fork'
    passenger (2.2.11) lib/phusion_passenger/railz/application_spawner.rb:354:in `handle_spawn_application'
    passenger (2.2.11) lib/phusion_passenger/abstract_server.rb:352:in `__send__'
    passenger (2.2.11) lib/phusion_passenger/abstract_server.rb:352:in `main_loop'
    passenger (2.2.11) lib/phusion_passenger/abstract_server.rb:196:in `start_synchronously'
    passenger (2.2.11) lib/phusion_passenger/abstract_server.rb:163:in `start'
    passenger (2.2.11) lib/phusion_passenger/railz/application_spawner.rb:213:in `start'
    passenger (2.2.11) lib/phusion_passenger/spawn_manager.rb:262:in `spawn_rails_application'
    passenger (2.2.11) lib/phusion_passenger/abstract_server_collection.rb:126:in `lookup_or_add'
    passenger (2.2.11) lib/phusion_passenger/spawn_manager.rb:256:in `spawn_rails_application'
    passenger (2.2.11) lib/phusion_passenger/abstract_server_collection.rb:80:in `synchronize'
    passenger (2.2.11) lib/phusion_passenger/abstract_server_collection.rb:79:in `synchronize'
    passenger (2.2.11) lib/phusion_passenger/spawn_manager.rb:255:in `spawn_rails_application'
    passenger (2.2.11) lib/phusion_passenger/spawn_manager.rb:154:in `spawn_application'
    passenger (2.2.11) lib/phusion_passenger/spawn_manager.rb:287:in `handle_spawn_application'
    passenger (2.2.11) lib/phusion_passenger/abstract_server.rb:352:in `__send__'
    passenger (2.2.11) lib/phusion_passenger/abstract_server.rb:352:in `main_loop'
    passenger (2.2.11) lib/phusion_passenger/abstract_server.rb:196:in `start_synchronously'

Rendered rescues/_trace (125.0ms)
Rendered rescues/_request_and_response (0.3ms)
Rendering rescues/layout (internal_server_error)


Processing ApplicationController#index (for 127.0.0.1 at 2010-04-22 22:10:58) [GET]
  Parameters: {"portfolio"=>"web"}
Rendering template within layouts/application
Rendering application/index

ActionView::TemplateError (undefined method `update' for nil:NilClass) on line #3 of app/views/application/_about_me.html.erb:
1: <span id="hi">Hi.</span>
2: I’m Dallas and I live in Walla Walla, Washington. I graduated from
3: <%= link_to_blank 'Walla Walla University', 'http://www.wallawalla.edu/' %>
4: in 2006 with a Bachelors of Science degree in
5: <%= link_to_unless_current 'graphic design', portfolio_path('print') %>
6: but I’ve been doing

    app/helpers/application_helper.rb:38:in `link_to_blank'
    app/views/application/_about_me.html.erb:3
    app/views/application/_web.html.erb:2
    app/views/application/index.html.erb:23
    passenger (2.2.11) lib/phusion_passenger/rack/request_handler.rb:92:in `process_request'
    passenger (2.2.11) lib/phusion_passenger/abstract_request_handler.rb:207:in `main_loop'
    passenger (2.2.11) lib/phusion_passenger/railz/application_spawner.rb:418:in `start_request_handler'
    passenger (2.2.11) lib/phusion_passenger/railz/application_spawner.rb:358:in `handle_spawn_application'
    passenger (2.2.11) lib/phusion_passenger/utils.rb:184:in `safe_fork'
    passenger (2.2.11) lib/phusion_passenger/railz/application_spawner.rb:354:in `handle_spawn_application'
    passenger (2.2.11) lib/phusion_passenger/abstract_server.rb:352:in `__send__'
    passenger (2.2.11) lib/phusion_passenger/abstract_server.rb:352:in `main_loop'
    passenger (2.2.11) lib/phusion_passenger/abstract_server.rb:196:in `start_synchronously'
    passenger (2.2.11) lib/phusion_passenger/abstract_server.rb:163:in `start'
    passenger (2.2.11) lib/phusion_passenger/railz/application_spawner.rb:213:in `start'
    passenger (2.2.11) lib/phusion_passenger/spawn_manager.rb:262:in `spawn_rails_application'
    passenger (2.2.11) lib/phusion_passenger/abstract_server_collection.rb:126:in `lookup_or_add'
    passenger (2.2.11) lib/phusion_passenger/spawn_manager.rb:256:in `spawn_rails_application'
    passenger (2.2.11) lib/phusion_passenger/abstract_server_collection.rb:80:in `synchronize'
    passenger (2.2.11) lib/phusion_passenger/abstract_server_collection.rb:79:in `synchronize'
    passenger (2.2.11) lib/phusion_passenger/spawn_manager.rb:255:in `spawn_rails_application'
    passenger (2.2.11) lib/phusion_passenger/spawn_manager.rb:154:in `spawn_application'
    passenger (2.2.11) lib/phusion_passenger/spawn_manager.rb:287:in `handle_spawn_application'
    passenger (2.2.11) lib/phusion_passenger/abstract_server.rb:352:in `__send__'
    passenger (2.2.11) lib/phusion_passenger/abstract_server.rb:352:in `main_loop'
    passenger (2.2.11) lib/phusion_passenger/abstract_server.rb:196:in `start_synchronously'

Rendered rescues/_trace (130.5ms)
Rendered rescues/_request_and_response (0.3ms)
Rendering rescues/layout (internal_server_error)


Processing ApplicationController#index (for 127.0.0.1 at 2010-04-22 22:10:58) [GET]
  Parameters: {"portfolio"=>"web"}
Rendering template within layouts/application
Rendering application/index

ActionView::TemplateError (undefined method `given?' for nil:NilClass) on line #3 of app/views/application/_about_me.html.erb:
1: <span id="hi">Hi.</span>
2: I’m Dallas and I live in Walla Walla, Washington. I graduated from
3: <%= link_to_blank 'Walla Walla University', 'http://www.wallawalla.edu/' %>
4: in 2006 with a Bachelors of Science degree in
5: <%= link_to_unless_current 'graphic design', portfolio_path('print') %>
6: but I’ve been doing

    app/helpers/application_helper.rb:30:in `link_to_blank'
    app/views/application/_about_me.html.erb:3
    app/views/application/_web.html.erb:2
    app/views/application/index.html.erb:23
    passenger (2.2.11) lib/phusion_passenger/rack/request_handler.rb:92:in `process_request'
    passenger (2.2.11) lib/phusion_passenger/abstract_request_handler.rb:207:in `main_loop'
    passenger (2.2.11) lib/phusion_passenger/railz/application_spawner.rb:418:in `start_request_handler'
    passenger (2.2.11) lib/phusion_passenger/railz/application_spawner.rb:358:in `handle_spawn_application'
    passenger (2.2.11) lib/phusion_passenger/utils.rb:184:in `safe_fork'
    passenger (2.2.11) lib/phusion_passenger/railz/application_spawner.rb:354:in `handle_spawn_application'
    passenger (2.2.11) lib/phusion_passenger/abstract_server.rb:352:in `__send__'
    passenger (2.2.11) lib/phusion_passenger/abstract_server.rb:352:in `main_loop'
    passenger (2.2.11) lib/phusion_passenger/abstract_server.rb:196:in `start_synchronously'
    passenger (2.2.11) lib/phusion_passenger/abstract_server.rb:163:in `start'
    passenger (2.2.11) lib/phusion_passenger/railz/application_spawner.rb:213:in `start'
    passenger (2.2.11) lib/phusion_passenger/spawn_manager.rb:262:in `spawn_rails_application'
    passenger (2.2.11) lib/phusion_passenger/abstract_server_collection.rb:126:in `lookup_or_add'
    passenger (2.2.11) lib/phusion_passenger/spawn_manager.rb:256:in `spawn_rails_application'
    passenger (2.2.11) lib/phusion_passenger/abstract_server_collection.rb:80:in `synchronize'
    passenger (2.2.11) lib/phusion_passenger/abstract_server_collection.rb:79:in `synchronize'
    passenger (2.2.11) lib/phusion_passenger/spawn_manager.rb:255:in `spawn_rails_application'
    passenger (2.2.11) lib/phusion_passenger/spawn_manager.rb:154:in `spawn_application'
    passenger (2.2.11) lib/phusion_passenger/spawn_manager.rb:287:in `handle_spawn_application'
    passenger (2.2.11) lib/phusion_passenger/abstract_server.rb:352:in `__send__'
    passenger (2.2.11) lib/phusion_passenger/abstract_server.rb:352:in `main_loop'
    passenger (2.2.11) lib/phusion_passenger/abstract_server.rb:196:in `start_synchronously'

Rendered rescues/_trace (71.6ms)
Rendered rescues/_request_and_response (1.2ms)
Rendering rescues/layout (internal_server_error)


Processing ApplicationController#index (for 127.0.0.1 at 2010-04-22 22:11:00) [GET]
  Parameters: {"portfolio"=>"web"}
Rendering template within layouts/application
Rendering application/index

ActionView::TemplateError (undefined method `update' for nil:NilClass) on line #3 of app/views/application/_about_me.html.erb:
1: <span id="hi">Hi.</span>
2: I’m Dallas and I live in Walla Walla, Washington. I graduated from
3: <%= link_to_blank 'Walla Walla University', 'http://www.wallawalla.edu/' %>
4: in 2006 with a Bachelors of Science degree in
5: <%= link_to_unless_current 'graphic design', portfolio_path('print') %>
6: but I’ve been doing

    app/helpers/application_helper.rb:38:in `link_to_blank'
    app/views/application/_about_me.html.erb:3
    app/views/application/_web.html.erb:2
    app/views/application/index.html.erb:23
    passenger (2.2.11) lib/phusion_passenger/rack/request_handler.rb:92:in `process_request'
    passenger (2.2.11) lib/phusion_passenger/abstract_request_handler.rb:207:in `main_loop'
    passenger (2.2.11) lib/phusion_passenger/railz/application_spawner.rb:418:in `start_request_handler'
    passenger (2.2.11) lib/phusion_passenger/railz/application_spawner.rb:358:in `handle_spawn_application'
    passenger (2.2.11) lib/phusion_passenger/utils.rb:184:in `safe_fork'
    passenger (2.2.11) lib/phusion_passenger/railz/application_spawner.rb:354:in `handle_spawn_application'
    passenger (2.2.11) lib/phusion_passenger/abstract_server.rb:352:in `__send__'
    passenger (2.2.11) lib/phusion_passenger/abstract_server.rb:352:in `main_loop'
    passenger (2.2.11) lib/phusion_passenger/abstract_server.rb:196:in `start_synchronously'
    passenger (2.2.11) lib/phusion_passenger/abstract_server.rb:163:in `start'
    passenger (2.2.11) lib/phusion_passenger/railz/application_spawner.rb:213:in `start'
    passenger (2.2.11) lib/phusion_passenger/spawn_manager.rb:262:in `spawn_rails_application'
    passenger (2.2.11) lib/phusion_passenger/abstract_server_collection.rb:126:in `lookup_or_add'
    passenger (2.2.11) lib/phusion_passenger/spawn_manager.rb:256:in `spawn_rails_application'
    passenger (2.2.11) lib/phusion_passenger/abstract_server_collection.rb:80:in `synchronize'
    passenger (2.2.11) lib/phusion_passenger/abstract_server_collection.rb:79:in `synchronize'
    passenger (2.2.11) lib/phusion_passenger/spawn_manager.rb:255:in `spawn_rails_application'
    passenger (2.2.11) lib/phusion_passenger/spawn_manager.rb:154:in `spawn_application'
    passenger (2.2.11) lib/phusion_passenger/spawn_manager.rb:287:in `handle_spawn_application'
    passenger (2.2.11) lib/phusion_passenger/abstract_server.rb:352:in `__send__'
    passenger (2.2.11) lib/phusion_passenger/abstract_server.rb:352:in `main_loop'
    passenger (2.2.11) lib/phusion_passenger/abstract_server.rb:196:in `start_synchronously'

Rendered rescues/_trace (72.1ms)
Rendered rescues/_request_and_response (0.3ms)
Rendering rescues/layout (internal_server_error)


Processing ApplicationController#index (for 127.0.0.1 at 2010-04-22 22:11:00) [GET]
  Parameters: {"portfolio"=>"web"}
Rendering template within layouts/application
Rendering application/index

ActionView::TemplateError (undefined method `update' for nil:NilClass) on line #3 of app/views/application/_about_me.html.erb:
1: <span id="hi">Hi.</span>
2: I’m Dallas and I live in Walla Walla, Washington. I graduated from
3: <%= link_to_blank 'Walla Walla University', 'http://www.wallawalla.edu/' %>
4: in 2006 with a Bachelors of Science degree in
5: <%= link_to_unless_current 'graphic design', portfolio_path('print') %>
6: but I’ve been doing

    app/helpers/application_helper.rb:38:in `link_to_blank'
    app/views/application/_about_me.html.erb:3
    app/views/application/_web.html.erb:2
    app/views/application/index.html.erb:23
    passenger (2.2.11) lib/phusion_passenger/rack/request_handler.rb:92:in `process_request'
    passenger (2.2.11) lib/phusion_passenger/abstract_request_handler.rb:207:in `main_loop'
    passenger (2.2.11) lib/phusion_passenger/railz/application_spawner.rb:418:in `start_request_handler'
    passenger (2.2.11) lib/phusion_passenger/railz/application_spawner.rb:358:in `handle_spawn_application'
    passenger (2.2.11) lib/phusion_passenger/utils.rb:184:in `safe_fork'
    passenger (2.2.11) lib/phusion_passenger/railz/application_spawner.rb:354:in `handle_spawn_application'
    passenger (2.2.11) lib/phusion_passenger/abstract_server.rb:352:in `__send__'
    passenger (2.2.11) lib/phusion_passenger/abstract_server.rb:352:in `main_loop'
    passenger (2.2.11) lib/phusion_passenger/abstract_server.rb:196:in `start_synchronously'
    passenger (2.2.11) lib/phusion_passenger/abstract_server.rb:163:in `start'
    passenger (2.2.11) lib/phusion_passenger/railz/application_spawner.rb:213:in `start'
    passenger (2.2.11) lib/phusion_passenger/spawn_manager.rb:262:in `spawn_rails_application'
    passenger (2.2.11) lib/phusion_passenger/abstract_server_collection.rb:126:in `lookup_or_add'
    passenger (2.2.11) lib/phusion_passenger/spawn_manager.rb:256:in `spawn_rails_application'
    passenger (2.2.11) lib/phusion_passenger/abstract_server_collection.rb:80:in `synchronize'
    passenger (2.2.11) lib/phusion_passenger/abstract_server_collection.rb:79:in `synchronize'
    passenger (2.2.11) lib/phusion_passenger/spawn_manager.rb:255:in `spawn_rails_application'
    passenger (2.2.11) lib/phusion_passenger/spawn_manager.rb:154:in `spawn_application'
    passenger (2.2.11) lib/phusion_passenger/spawn_manager.rb:287:in `handle_spawn_application'
    passenger (2.2.11) lib/phusion_passenger/abstract_server.rb:352:in `__send__'
    passenger (2.2.11) lib/phusion_passenger/abstract_server.rb:352:in `main_loop'
    passenger (2.2.11) lib/phusion_passenger/abstract_server.rb:196:in `start_synchronously'

Rendered rescues/_trace (128.1ms)
Rendered rescues/_request_and_response (0.3ms)
Rendering rescues/layout (internal_server_error)


Processing ApplicationController#index (for 127.0.0.1 at 2010-04-22 22:11:06) [GET]
  Parameters: {"portfolio"=>"web"}
Rendering template within layouts/application
Rendering application/index

ActionView::TemplateError (undefined method `update' for nil:NilClass) on line #3 of app/views/application/_about_me.html.erb:
1: <span id="hi">Hi.</span>
2: I’m Dallas and I live in Walla Walla, Washington. I graduated from
3: <%= link_to_blank 'Walla Walla University', 'http://www.wallawalla.edu/' %>
4: in 2006 with a Bachelors of Science degree in
5: <%= link_to_unless_current 'graphic design', portfolio_path('print') %>
6: but I’ve been doing

    app/helpers/application_helper.rb:38:in `link_to_blank'
    app/views/application/_about_me.html.erb:3
    app/views/application/_web.html.erb:2
    app/views/application/index.html.erb:23
    passenger (2.2.11) lib/phusion_passenger/rack/request_handler.rb:92:in `process_request'
    passenger (2.2.11) lib/phusion_passenger/abstract_request_handler.rb:207:in `main_loop'
    passenger (2.2.11) lib/phusion_passenger/railz/application_spawner.rb:418:in `start_request_handler'
    passenger (2.2.11) lib/phusion_passenger/railz/application_spawner.rb:358:in `handle_spawn_application'
    passenger (2.2.11) lib/phusion_passenger/utils.rb:184:in `safe_fork'
    passenger (2.2.11) lib/phusion_passenger/railz/application_spawner.rb:354:in `handle_spawn_application'
    passenger (2.2.11) lib/phusion_passenger/abstract_server.rb:352:in `__send__'
    passenger (2.2.11) lib/phusion_passenger/abstract_server.rb:352:in `main_loop'
    passenger (2.2.11) lib/phusion_passenger/abstract_server.rb:196:in `start_synchronously'
    passenger (2.2.11) lib/phusion_passenger/abstract_server.rb:163:in `start'
    passenger (2.2.11) lib/phusion_passenger/railz/application_spawner.rb:213:in `start'
    passenger (2.2.11) lib/phusion_passenger/spawn_manager.rb:262:in `spawn_rails_application'
    passenger (2.2.11) lib/phusion_passenger/abstract_server_collection.rb:126:in `lookup_or_add'
    passenger (2.2.11) lib/phusion_passenger/spawn_manager.rb:256:in `spawn_rails_application'
    passenger (2.2.11) lib/phusion_passenger/abstract_server_collection.rb:80:in `synchronize'
    passenger (2.2.11) lib/phusion_passenger/abstract_server_collection.rb:79:in `synchronize'
    passenger (2.2.11) lib/phusion_passenger/spawn_manager.rb:255:in `spawn_rails_application'
    passenger (2.2.11) lib/phusion_passenger/spawn_manager.rb:154:in `spawn_application'
    passenger (2.2.11) lib/phusion_passenger/spawn_manager.rb:287:in `handle_spawn_application'
    passenger (2.2.11) lib/phusion_passenger/abstract_server.rb:352:in `__send__'
    passenger (2.2.11) lib/phusion_passenger/abstract_server.rb:352:in `main_loop'
    passenger (2.2.11) lib/phusion_passenger/abstract_server.rb:196:in `start_synchronously'

Rendered rescues/_trace (71.1ms)
Rendered rescues/_request_and_response (1.2ms)
Rendering rescues/layout (internal_server_error)


Processing ApplicationController#index (for 127.0.0.1 at 2010-04-22 22:11:18) [GET]
  Parameters: {"portfolio"=>"web"}
Rendering template within layouts/application
Rendering application/index
Rendered application/_about_me (1.0ms)
Rendered application/_web (2.2ms)

ActionView::TemplateError (undefined method `action' for #<ApplicationController:0x101782f60>) on line #12 of app/views/layouts/application.html.erb:
9:   <%= stylesheet_link_tag 'application', :media => 'screen, projection' %>
10: </head>
11: 
12: <body class="<%= controller.action == 'index' ? params[:portfolio] : controller.action %>">
13:   <div id="page">
14:     <div id="header">
15:       <div id="siteId">

    app/views/layouts/application.html.erb:12
    passenger (2.2.11) lib/phusion_passenger/rack/request_handler.rb:92:in `process_request'
    passenger (2.2.11) lib/phusion_passenger/abstract_request_handler.rb:207:in `main_loop'
    passenger (2.2.11) lib/phusion_passenger/railz/application_spawner.rb:418:in `start_request_handler'
    passenger (2.2.11) lib/phusion_passenger/railz/application_spawner.rb:358:in `handle_spawn_application'
    passenger (2.2.11) lib/phusion_passenger/utils.rb:184:in `safe_fork'
    passenger (2.2.11) lib/phusion_passenger/railz/application_spawner.rb:354:in `handle_spawn_application'
    passenger (2.2.11) lib/phusion_passenger/abstract_server.rb:352:in `__send__'
    passenger (2.2.11) lib/phusion_passenger/abstract_server.rb:352:in `main_loop'
    passenger (2.2.11) lib/phusion_passenger/abstract_server.rb:196:in `start_synchronously'
    passenger (2.2.11) lib/phusion_passenger/abstract_server.rb:163:in `start'
    passenger (2.2.11) lib/phusion_passenger/railz/application_spawner.rb:213:in `start'
    passenger (2.2.11) lib/phusion_passenger/spawn_manager.rb:262:in `spawn_rails_application'
    passenger (2.2.11) lib/phusion_passenger/abstract_server_collection.rb:126:in `lookup_or_add'
    passenger (2.2.11) lib/phusion_passenger/spawn_manager.rb:256:in `spawn_rails_application'
    passenger (2.2.11) lib/phusion_passenger/abstract_server_collection.rb:80:in `synchronize'
    passenger (2.2.11) lib/phusion_passenger/abstract_server_collection.rb:79:in `synchronize'
    passenger (2.2.11) lib/phusion_passenger/spawn_manager.rb:255:in `spawn_rails_application'
    passenger (2.2.11) lib/phusion_passenger/spawn_manager.rb:154:in `spawn_application'
    passenger (2.2.11) lib/phusion_passenger/spawn_manager.rb:287:in `handle_spawn_application'
    passenger (2.2.11) lib/phusion_passenger/abstract_server.rb:352:in `__send__'
    passenger (2.2.11) lib/phusion_passenger/abstract_server.rb:352:in `main_loop'
    passenger (2.2.11) lib/phusion_passenger/abstract_server.rb:196:in `start_synchronously'

Rendered rescues/_trace (50.9ms)
Rendered rescues/_request_and_response (0.3ms)
Rendering rescues/layout (internal_server_error)


Processing ApplicationController#index (for 127.0.0.1 at 2010-04-22 22:11:29) [GET]
  Parameters: {"portfolio"=>"web"}
Rendering template within layouts/application
Rendering application/index
Rendered application/_about_me (1.0ms)
Rendered application/_web (2.2ms)
Completed in 15ms (View: 12, DB: 0) | 200 OK [http://dr.local/web]


Processing ApplicationController#index (for 127.0.0.1 at 2010-04-22 22:11:38) [GET]
  Parameters: {"portfolio"=>"print"}
Rendering template within layouts/application
Rendering application/index
Rendered application/_about_me (1.0ms)
Rendered application/_print (1.8ms)
Completed in 11ms (View: 8, DB: 0) | 200 OK [http://dr.local/print]


Processing ApplicationController#index (for 127.0.0.1 at 2010-04-22 22:11:39) [GET]
  Parameters: {"portfolio"=>"art"}
Rendering template within layouts/application
Rendering application/index
Rendered application/_about_me (1.0ms)
Rendered application/_art (1.8ms)
Completed in 65ms (View: 8, DB: 0) | 200 OK [http://dr.local/art]


Processing ApplicationController#contact (for 127.0.0.1 at 2010-04-22 22:11:41) [GET]
Rendering template within layouts/application
Rendering application/contact

ActionView::TemplateError (undefined local variable or method `about_me_paragraph' for #<ActionView::Base:0x102451d18>) on line #2 of app/views/application/contact.html.erb:
1: <p class="column span-2 first">
2:   <%= about_me_paragraph %>
3: </p>
4: 
5: <p class="column span-2">

    app/views/application/contact.html.erb:2
    passenger (2.2.11) lib/phusion_passenger/rack/request_handler.rb:92:in `process_request'
    passenger (2.2.11) lib/phusion_passenger/abstract_request_handler.rb:207:in `main_loop'
    passenger (2.2.11) lib/phusion_passenger/railz/application_spawner.rb:418:in `start_request_handler'
    passenger (2.2.11) lib/phusion_passenger/railz/application_spawner.rb:358:in `handle_spawn_application'
    passenger (2.2.11) lib/phusion_passenger/utils.rb:184:in `safe_fork'
    passenger (2.2.11) lib/phusion_passenger/railz/application_spawner.rb:354:in `handle_spawn_application'
    passenger (2.2.11) lib/phusion_passenger/abstract_server.rb:352:in `__send__'
    passenger (2.2.11) lib/phusion_passenger/abstract_server.rb:352:in `main_loop'
    passenger (2.2.11) lib/phusion_passenger/abstract_server.rb:196:in `start_synchronously'
    passenger (2.2.11) lib/phusion_passenger/abstract_server.rb:163:in `start'
    passenger (2.2.11) lib/phusion_passenger/railz/application_spawner.rb:213:in `start'
    passenger (2.2.11) lib/phusion_passenger/spawn_manager.rb:262:in `spawn_rails_application'
    passenger (2.2.11) lib/phusion_passenger/abstract_server_collection.rb:126:in `lookup_or_add'
    passenger (2.2.11) lib/phusion_passenger/spawn_manager.rb:256:in `spawn_rails_application'
    passenger (2.2.11) lib/phusion_passenger/abstract_server_collection.rb:80:in `synchronize'
    passenger (2.2.11) lib/phusion_passenger/abstract_server_collection.rb:79:in `synchronize'
    passenger (2.2.11) lib/phusion_passenger/spawn_manager.rb:255:in `spawn_rails_application'
    passenger (2.2.11) lib/phusion_passenger/spawn_manager.rb:154:in `spawn_application'
    passenger (2.2.11) lib/phusion_passenger/spawn_manager.rb:287:in `handle_spawn_application'
    passenger (2.2.11) lib/phusion_passenger/abstract_server.rb:352:in `__send__'
    passenger (2.2.11) lib/phusion_passenger/abstract_server.rb:352:in `main_loop'
    passenger (2.2.11) lib/phusion_passenger/abstract_server.rb:196:in `start_synchronously'

Rendered rescues/_trace (47.9ms)
Rendered rescues/_request_and_response (0.3ms)
Rendering rescues/layout (internal_server_error)


Processing ApplicationController#contact (for 127.0.0.1 at 2010-04-22 22:11:51) [GET]
Rendering template within layouts/application
Rendering application/contact
Rendered application/_about_me (1.0ms)

ActionView::TemplateError (undefined method `action' for #<ApplicationController:0x101ef4dc0>) on line #12 of app/views/layouts/application.html.erb:
9:   <%= stylesheet_link_tag 'application', :media => 'screen, projection' %>
10: </head>
11: 
12: <body class="<%= controller.action_name == 'index' ? params[:portfolio] : controller.action %>">
13:   <div id="page">
14:     <div id="header">
15:       <div id="siteId">

    app/views/layouts/application.html.erb:12
    passenger (2.2.11) lib/phusion_passenger/rack/request_handler.rb:92:in `process_request'
    passenger (2.2.11) lib/phusion_passenger/abstract_request_handler.rb:207:in `main_loop'
    passenger (2.2.11) lib/phusion_passenger/railz/application_spawner.rb:418:in `start_request_handler'
    passenger (2.2.11) lib/phusion_passenger/railz/application_spawner.rb:358:in `handle_spawn_application'
    passenger (2.2.11) lib/phusion_passenger/utils.rb:184:in `safe_fork'
    passenger (2.2.11) lib/phusion_passenger/railz/application_spawner.rb:354:in `handle_spawn_application'
    passenger (2.2.11) lib/phusion_passenger/abstract_server.rb:352:in `__send__'
    passenger (2.2.11) lib/phusion_passenger/abstract_server.rb:352:in `main_loop'
    passenger (2.2.11) lib/phusion_passenger/abstract_server.rb:196:in `start_synchronously'
    passenger (2.2.11) lib/phusion_passenger/abstract_server.rb:163:in `start'
    passenger (2.2.11) lib/phusion_passenger/railz/application_spawner.rb:213:in `start'
    passenger (2.2.11) lib/phusion_passenger/spawn_manager.rb:262:in `spawn_rails_application'
    passenger (2.2.11) lib/phusion_passenger/abstract_server_collection.rb:126:in `lookup_or_add'
    passenger (2.2.11) lib/phusion_passenger/spawn_manager.rb:256:in `spawn_rails_application'
    passenger (2.2.11) lib/phusion_passenger/abstract_server_collection.rb:80:in `synchronize'
    passenger (2.2.11) lib/phusion_passenger/abstract_server_collection.rb:79:in `synchronize'
    passenger (2.2.11) lib/phusion_passenger/spawn_manager.rb:255:in `spawn_rails_application'
    passenger (2.2.11) lib/phusion_passenger/spawn_manager.rb:154:in `spawn_application'
    passenger (2.2.11) lib/phusion_passenger/spawn_manager.rb:287:in `handle_spawn_application'
    passenger (2.2.11) lib/phusion_passenger/abstract_server.rb:352:in `__send__'
    passenger (2.2.11) lib/phusion_passenger/abstract_server.rb:352:in `main_loop'
    passenger (2.2.11) lib/phusion_passenger/abstract_server.rb:196:in `start_synchronously'

Rendered rescues/_trace (103.2ms)
Rendered rescues/_request_and_response (0.3ms)
Rendering rescues/layout (internal_server_error)


Processing ApplicationController#contact (for 127.0.0.1 at 2010-04-22 22:11:59) [GET]
Rendering template within layouts/application
Rendering application/contact
Rendered application/_about_me (116.8ms)

ActionView::TemplateError (undefined method `action' for #<ApplicationController:0x101e74620>) on line #12 of app/views/layouts/application.html.erb:
9:   <%= stylesheet_link_tag 'application', :media => 'screen, projection' %>
10: </head>
11: 
12: <body class="<%= controller.action_name == 'index' ? params[:portfolio] : controller.action %>">
13:   <div id="page">
14:     <div id="header">
15:       <div id="siteId">

    app/views/layouts/application.html.erb:12
    passenger (2.2.11) lib/phusion_passenger/rack/request_handler.rb:92:in `process_request'
    passenger (2.2.11) lib/phusion_passenger/abstract_request_handler.rb:207:in `main_loop'
    passenger (2.2.11) lib/phusion_passenger/railz/application_spawner.rb:418:in `start_request_handler'
    passenger (2.2.11) lib/phusion_passenger/railz/application_spawner.rb:358:in `handle_spawn_application'
    passenger (2.2.11) lib/phusion_passenger/utils.rb:184:in `safe_fork'
    passenger (2.2.11) lib/phusion_passenger/railz/application_spawner.rb:354:in `handle_spawn_application'
    passenger (2.2.11) lib/phusion_passenger/abstract_server.rb:352:in `__send__'
    passenger (2.2.11) lib/phusion_passenger/abstract_server.rb:352:in `main_loop'
    passenger (2.2.11) lib/phusion_passenger/abstract_server.rb:196:in `start_synchronously'
    passenger (2.2.11) lib/phusion_passenger/abstract_server.rb:163:in `start'
    passenger (2.2.11) lib/phusion_passenger/railz/application_spawner.rb:213:in `start'
    passenger (2.2.11) lib/phusion_passenger/spawn_manager.rb:262:in `spawn_rails_application'
    passenger (2.2.11) lib/phusion_passenger/abstract_server_collection.rb:126:in `lookup_or_add'
    passenger (2.2.11) lib/phusion_passenger/spawn_manager.rb:256:in `spawn_rails_application'
    passenger (2.2.11) lib/phusion_passenger/abstract_server_collection.rb:80:in `synchronize'
    passenger (2.2.11) lib/phusion_passenger/abstract_server_collection.rb:79:in `synchronize'
    passenger (2.2.11) lib/phusion_passenger/spawn_manager.rb:255:in `spawn_rails_application'
    passenger (2.2.11) lib/phusion_passenger/spawn_manager.rb:154:in `spawn_application'
    passenger (2.2.11) lib/phusion_passenger/spawn_manager.rb:287:in `handle_spawn_application'
    passenger (2.2.11) lib/phusion_passenger/abstract_server.rb:352:in `__send__'
    passenger (2.2.11) lib/phusion_passenger/abstract_server.rb:352:in `main_loop'
    passenger (2.2.11) lib/phusion_passenger/abstract_server.rb:196:in `start_synchronously'

Rendered rescues/_trace (51.3ms)
Rendered rescues/_request_and_response (1.2ms)
Rendering rescues/layout (internal_server_error)


Processing ApplicationController#contact (for 127.0.0.1 at 2010-04-22 22:12:12) [GET]
Rendering template within layouts/application
Rendering application/contact
Rendered application/_about_me (1.0ms)
Completed in 9ms (View: 8, DB: 0) | 200 OK [http://dr.local/contact]


Processing ApplicationController#index (for 127.0.0.1 at 2010-04-22 22:12:23) [GET]
  Parameters: {"portfolio"=>"art"}
Rendering template within layouts/application
Rendering application/index
Rendered application/_about_me (1.1ms)
Rendered application/_art (1.8ms)
Completed in 15ms (View: 12, DB: 0) | 200 OK [http://dr.local/art]


Processing ApplicationController#index (for 127.0.0.1 at 2010-04-22 22:12:24) [GET]
  Parameters: {"portfolio"=>"print"}
Rendering template within layouts/application
Rendering application/index
Rendered application/_about_me (1.0ms)
Rendered application/_print (1.7ms)
Completed in 10ms (View: 7, DB: 0) | 200 OK [http://dr.local/print]


Processing ApplicationController#index (for 127.0.0.1 at 2010-04-22 22:12:25) [GET]
  Parameters: {"portfolio"=>"web"}
Rendering template within layouts/application
Rendering application/index
Rendered application/_about_me (1.0ms)
Rendered application/_web (2.9ms)
Completed in 16ms (View: 13, DB: 0) | 200 OK [http://dr.local/web]


Processing ApplicationController#index (for 127.0.0.1 at 2010-04-22 22:12:55) [GET]
  Parameters: {"portfolio"=>"print"}
Rendering template within layouts/application
Rendering application/index
Rendered application/_about_me (1.0ms)
Rendered application/_print (1.3ms)
Completed in 7ms (View: 4, DB: 0) | 200 OK [http://dr.local/print]


Processing ApplicationController#index (for 127.0.0.1 at 2010-04-22 22:21:21) [GET]
  Parameters: {"portfolio"=>"print"}
Rendering template within layouts/application
Rendering application/index
Rendered application/_about_me (1.0ms)
Rendered application/_print (1.4ms)
Completed in 14ms (View: 9, DB: 0) | 200 OK [http://dr.local/print]


Processing ApplicationController#index (for 127.0.0.1 at 2010-04-22 22:22:29) [GET]
  Parameters: {"portfolio"=>"print"}
Rendering template within layouts/application
Rendering application/index
Rendered application/_about_me (0.9ms)
Rendered application/_print (1.2ms)
Completed in 11ms (View: 8, DB: 0) | 200 OK [http://dr.local/print]


Processing ApplicationController#index (for 127.0.0.1 at 2010-04-22 22:22:46) [GET]
  Parameters: {"portfolio"=>"web"}
Rendering template within layouts/application
Rendering application/index
Rendered application/_about_me (1.0ms)
Rendered application/_web (2.2ms)
Completed in 12ms (View: 9, DB: 0) | 200 OK [http://dr.local/web]


Processing ApplicationController#index (for 127.0.0.1 at 2010-04-22 22:22:47) [GET]
  Parameters: {"portfolio"=>"print"}
Rendering template within layouts/application
Rendering application/index
Rendered application/_about_me (1.0ms)
Rendered application/_print (1.2ms)
Completed in 11ms (View: 7, DB: 0) | 200 OK [http://dr.local/print]


Processing ApplicationController#index (for 127.0.0.1 at 2010-04-22 22:22:50) [GET]
  Parameters: {"portfolio"=>"art"}
Rendering template within layouts/application
Rendering application/index
Rendered application/_about_me (1.0ms)
Rendered application/_art (1.3ms)
Completed in 8ms (View: 4, DB: 0) | 200 OK [http://dr.local/art]


Processing ApplicationController#index (for 127.0.0.1 at 2010-04-22 22:22:52) [GET]
  Parameters: {"portfolio"=>"print"}
Rendering template within layouts/application
Rendering application/index
Rendered application/_about_me (0.9ms)
Rendered application/_print (1.2ms)
Completed in 10ms (View: 7, DB: 0) | 200 OK [http://dr.local/print]


Processing ApplicationController#index (for 127.0.0.1 at 2010-04-22 22:22:53) [GET]
  Parameters: {"portfolio"=>"web"}
Rendering template within layouts/application
Rendering application/index
Rendered application/_about_me (1.0ms)
Rendered application/_web (2.1ms)
Completed in 66ms (View: 63, DB: 0) | 200 OK [http://dr.local/web]


Processing ApplicationController#index (for 127.0.0.1 at 2010-04-22 22:22:54) [GET]
  Parameters: {"portfolio"=>"art"}
Rendering template within layouts/application
Rendering application/index
Rendered application/_about_me (1.0ms)
Rendered application/_art (1.3ms)
Completed in 8ms (View: 4, DB: 0) | 200 OK [http://dr.local/art]


Processing ApplicationController#index (for 127.0.0.1 at 2010-04-22 22:23:23) [GET]
  Parameters: {"portfolio"=>"art"}
Rendering template within layouts/application
Rendering application/index
Rendered application/_about_me (1.0ms)
Rendered application/_art (1.3ms)
Completed in 8ms (View: 5, DB: 0) | 200 OK [http://dr.local/art]


Processing ApplicationController#index (for 127.0.0.1 at 2010-04-22 22:23:23) [GET]

ActionController::RoutingError (No route matches "/images/portfolio/art/thumb/stripes.jpg" with {:method=>:get}):
  passenger (2.2.11) lib/phusion_passenger/rack/request_handler.rb:92:in `process_request'
  passenger (2.2.11) lib/phusion_passenger/abstract_request_handler.rb:207:in `main_loop'
  passenger (2.2.11) lib/phusion_passenger/railz/application_spawner.rb:418:in `start_request_handler'
  passenger (2.2.11) lib/phusion_passenger/railz/application_spawner.rb:358:in `handle_spawn_application'
  passenger (2.2.11) lib/phusion_passenger/utils.rb:184:in `safe_fork'
  passenger (2.2.11) lib/phusion_passenger/railz/application_spawner.rb:354:in `handle_spawn_application'
  passenger (2.2.11) lib/phusion_passenger/abstract_server.rb:352:in `__send__'
  passenger (2.2.11) lib/phusion_passenger/abstract_server.rb:352:in `main_loop'
  passenger (2.2.11) lib/phusion_passenger/abstract_server.rb:196:in `start_synchronously'
  passenger (2.2.11) lib/phusion_passenger/abstract_server.rb:163:in `start'
  passenger (2.2.11) lib/phusion_passenger/railz/application_spawner.rb:213:in `start'
  passenger (2.2.11) lib/phusion_passenger/spawn_manager.rb:262:in `spawn_rails_application'
  passenger (2.2.11) lib/phusion_passenger/abstract_server_collection.rb:126:in `lookup_or_add'
  passenger (2.2.11) lib/phusion_passenger/spawn_manager.rb:256:in `spawn_rails_application'
  passenger (2.2.11) lib/phusion_passenger/abstract_server_collection.rb:80:in `synchronize'
  passenger (2.2.11) lib/phusion_passenger/abstract_server_collection.rb:79:in `synchronize'
  passenger (2.2.11) lib/phusion_passenger/spawn_manager.rb:255:in `spawn_rails_application'
  passenger (2.2.11) lib/phusion_passenger/spawn_manager.rb:154:in `spawn_application'
  passenger (2.2.11) lib/phusion_passenger/spawn_manager.rb:287:in `handle_spawn_application'
  passenger (2.2.11) lib/phusion_passenger/abstract_server.rb:352:in `__send__'
  passenger (2.2.11) lib/phusion_passenger/abstract_server.rb:352:in `main_loop'
  passenger (2.2.11) lib/phusion_passenger/abstract_server.rb:196:in `start_synchronously'

Rendering rescues/layout (not_found)


Processing ApplicationController#index (for 127.0.0.1 at 2010-04-22 22:23:35) [GET]
  Parameters: {"portfolio"=>"art"}
Rendering template within layouts/application
Rendering application/index
Rendered application/_about_me (1.0ms)
Rendered application/_art (1.3ms)
Completed in 8ms (View: 5, DB: 0) | 200 OK [http://dr.local/art]


Processing ApplicationController#index (for 127.0.0.1 at 2010-04-22 22:23:43) [GET]
  Parameters: {"portfolio"=>"print"}
Rendering template within layouts/application
Rendering application/index
Rendered application/_about_me (0.9ms)
Rendered application/_print (1.2ms)
Completed in 11ms (View: 8, DB: 0) | 200 OK [http://dr.local/print]


Processing ApplicationController#index (for 127.0.0.1 at 2010-04-22 22:23:43) [GET]
  Parameters: {"portfolio"=>"web"}
Rendering template within layouts/application
Rendering application/index
Rendered application/_about_me (1.0ms)
Rendered application/_web (2.2ms)
Completed in 12ms (View: 9, DB: 0) | 200 OK [http://dr.local/web]


Processing ApplicationController#index (for 127.0.0.1 at 2010-04-22 22:23:44) [GET]
  Parameters: {"portfolio"=>"art"}
Rendering template within layouts/application
Rendering application/index
Rendered application/_about_me (1.0ms)
Rendered application/_art (1.3ms)
Completed in 8ms (View: 5, DB: 0) | 200 OK [http://dr.local/art]


Processing ApplicationController#contact (for 127.0.0.1 at 2010-04-22 22:23:45) [GET]
Rendering template within layouts/application
Rendering application/contact
Rendered application/_about_me (1.2ms)
Completed in 6ms (View: 4, DB: 0) | 200 OK [http://dr.local/contact]


Processing ApplicationController#index (for 127.0.0.1 at 2010-04-22 22:23:46) [GET]
  Parameters: {"portfolio"=>"art"}
Rendering template within layouts/application
Rendering application/index
Rendered application/_about_me (1.0ms)
Rendered application/_art (1.3ms)
Completed in 8ms (View: 5, DB: 0) | 200 OK [http://dr.local/art]


Processing ApplicationController#index (for 127.0.0.1 at 2010-04-22 22:23:47) [GET]
  Parameters: {"portfolio"=>"print"}
Rendering template within layouts/application
Rendering application/index
Rendered application/_about_me (1.0ms)
Rendered application/_print (1.3ms)
Completed in 11ms (View: 8, DB: 0) | 200 OK [http://dr.local/print]


Processing ApplicationController#index (for 127.0.0.1 at 2010-04-22 22:23:48) [GET]
  Parameters: {"portfolio"=>"web"}
Rendering template within layouts/application
Rendering application/index
Rendered application/_about_me (1.0ms)
Rendered application/_web (2.1ms)
Completed in 12ms (View: 9, DB: 0) | 200 OK [http://dr.local/web]


Processing ApplicationController#index (for 127.0.0.1 at 2010-04-22 22:23:48) [GET]
  Parameters: {"portfolio"=>"print"}
Rendering template within layouts/application
Rendering application/index
Rendered application/_about_me (0.9ms)
Rendered application/_print (1.2ms)
Completed in 10ms (View: 7, DB: 0) | 200 OK [http://dr.local/print]


Processing ApplicationController#index (for 127.0.0.1 at 2010-04-22 22:23:49) [GET]
  Parameters: {"portfolio"=>"art"}
Rendering template within layouts/application
Rendering application/index
Rendered application/_about_me (1.0ms)
Rendered application/_art (1.3ms)
Completed in 8ms (View: 5, DB: 0) | 200 OK [http://dr.local/art]


Processing ApplicationController#contact (for 127.0.0.1 at 2010-04-22 22:23:50) [GET]
Rendering template within layouts/application
Rendering application/contact
Rendered application/_about_me (1.0ms)
Completed in 6ms (View: 4, DB: 0) | 200 OK [http://dr.local/contact]


Processing ApplicationController#index (for 127.0.0.1 at 2010-04-22 22:23:51) [GET]
  Parameters: {"portfolio"=>"web"}
Rendering template within layouts/application
Rendering application/index
Rendered application/_about_me (1.0ms)
Rendered application/_web (2.1ms)
Completed in 12ms (View: 8, DB: 0) | 200 OK [http://dr.local/web]


Processing ApplicationController#contact (for 127.0.0.1 at 2010-04-22 22:23:55) [GET]
Rendering template within layouts/application
Rendering application/contact
Rendered application/_about_me (1.0ms)
Completed in 5ms (View: 4, DB: 0) | 200 OK [http://dr.local/contact]


Processing ApplicationController#index (for 127.0.0.1 at 2010-04-22 22:24:36) [GET]
  Parameters: {"portfolio"=>"web"}
Rendering template within layouts/application
Rendering application/index
Rendered application/_about_me (0.9ms)
Rendered application/_web (2.0ms)
Completed in 12ms (View: 9, DB: 0) | 200 OK [http://dr.local/web]


Processing ApplicationController#index (for 127.0.0.1 at 2010-04-22 22:24:37) [GET]
  Parameters: {"portfolio"=>"print"}
Rendering template within layouts/application
Rendering application/index
Rendered application/_about_me (0.9ms)
Rendered application/_print (1.2ms)
Completed in 10ms (View: 7, DB: 0) | 200 OK [http://dr.local/print]


Processing ApplicationController#index (for 127.0.0.1 at 2010-04-22 22:24:40) [GET]
  Parameters: {"portfolio"=>"art"}
Rendering template within layouts/application
Rendering application/index
Rendered application/_about_me (1.0ms)
Rendered application/_art (1.3ms)
Completed in 8ms (View: 5, DB: 0) | 200 OK [http://dr.local/art]


Processing ApplicationController#index (for 127.0.0.1 at 2010-04-22 22:24:42) [GET]
  Parameters: {"portfolio"=>"web"}
Rendering template within layouts/application
Rendering application/index
Rendered application/_about_me (1.0ms)
Rendered application/_web (2.2ms)
Completed in 12ms (View: 9, DB: 0) | 200 OK [http://dr.local/web]


Processing ApplicationController#contact (for 127.0.0.1 at 2010-04-22 22:24:43) [GET]
Rendering template within layouts/application
Rendering application/contact
Rendered application/_about_me (1.0ms)
Completed in 5ms (View: 4, DB: 0) | 200 OK [http://dr.local/contact]


Processing ApplicationController#index (for 127.0.0.1 at 2010-04-23 07:18:49) [GET]
  Parameters: {"portfolio"=>"print"}
Rendering template within layouts/application
Rendering application/index
Rendered application/_about_me (1.6ms)
Rendered application/_print (5.3ms)
Completed in 149ms (View: 145, DB: 0) | 200 OK [http://dr.local/print]


Processing ApplicationController#index (for 127.0.0.1 at 2010-04-24 19:19:01) [GET]
  Parameters: {"portfolio"=>"print"}
Rendering template within layouts/application
Rendering application/index
Rendered application/_about_me (2.4ms)
Rendered application/_print (6.2ms)
Completed in 166ms (View: 160, DB: 0) | 200 OK [http://dr.local/print]
